0 info it worked if it ends with ok
<<<<<<< HEAD
1 verbose cli [ 'node', '/usr/local/bin/npm', 'start' ]
2 info using npm@1.4.14
3 info using node@v0.10.29
4 error Error: ENOENT, open '/Users/huyuanning/Desktop/test/fridgebay/package.json'
5 error If you need help, you may report this *entire* log,
5 error including the npm and node versions, at:
5 error     <http://github.com/npm/npm/issues>
6 error System Darwin 13.2.0
7 error command "node" "/usr/local/bin/npm" "start"
8 error cwd /Users/huyuanning/Desktop/test/fridgebay
9 error node -v v0.10.29
10 error npm -v 1.4.14
11 error path /Users/huyuanning/Desktop/test/fridgebay/package.json
=======
1 verbose cli [ '/usr/local/bin/node', '/usr/local/bin/npm', 'start' ]
2 info using npm@1.4.14
3 info using node@v0.10.29
4 error Error: ENOENT, open '/home/josuel/Desktop/fridgebay/package.json'
5 error If you need help, you may report this *entire* log,
5 error including the npm and node versions, at:
5 error     <http://github.com/npm/npm/issues>
6 error System Linux 3.13.0-29-generic
7 error command "/usr/local/bin/node" "/usr/local/bin/npm" "start"
8 error cwd /home/josuel/Desktop/fridgebay
9 error node -v v0.10.29
10 error npm -v 1.4.14
11 error path /home/josuel/Desktop/fridgebay/package.json
>>>>>>> 812dd7fd87b7f064f20ec71f49d72bbc5e8e510d
12 error code ENOENT
13 error errno 34
14 verbose exit [ 34, true ]
